<?xml version="1.0" encoding="UTF-8"?>
<testsuite xmlns:xsi="http://www.w3.org/2001/XMLSchema-instance" xsi:noNamespaceSchemaLocation="https://maven.apache.org/surefire/maven-surefire-plugin/xsd/surefire-test-report.xsd" version="3.0.2" name="org.acme.greeting.extension.test.GreetingExtensionTest" time="1.361" tests="1" errors="0" skipped="0" failures="0">
  <properties>
[...]
</properties>
  <testcase name="writeYourOwnUnitTest" classname="org.acme.greeting.extension.test.GreetingExtensionTest" time="0.165">
    <system-out><![CDATA[2024-09-19 22:31:11,696 INFO  [io.quarkus] (main) greeting-extension-deployment 1.0.0-SNAPSHOT on JVM (powered by Quarkus 3.14.4) started in 3.083s. Listening on: http://localhost:8081
2024-09-19 22:31:11,697 INFO  [io.quarkus] (main) Profile test activated. 
2024-09-19 22:31:11,697 INFO  [io.quarkus] (main) Installed features: [cdi, greeting-extension, servlet, smallrye-context-propagation, vertx]
]]></system-out>
  </testcase>
</testsuite>